0 info it worked if it ends with ok
1 verbose cli [ '/usr/bin/nodejs', '/usr/bin/npm', 'start' ]
2 info using npm@3.10.10
3 info using node@v6.9.5
4 verbose run-script [ 'prestart', 'start', 'poststart' ]
5 info lifecycle TodoListInGroup@1.0.0~prestart: TodoListInGroup@1.0.0
6 verbose lifecycle TodoListInGroup@1.0.0~prestart: unsafe-perm in lifecycle true
7 verbose lifecycle TodoListInGroup@1.0.0~prestart: PATH: /usr/lib/node_modules/npm/bin/node-gyp-bin:/home/bijay007/SkyLab/Week6/day4_serverRenderedToDoApp/node_modules/.bin:/home/bijay007/bin:/home/bijay007/.local/bin:/usr/local/sbin:/usr/local/bin:/usr/sbin:/usr/bin:/sbin:/bin:/usr/games:/usr/local/games:/snap/bin
8 verbose lifecycle TodoListInGroup@1.0.0~prestart: CWD: /home/bijay007/SkyLab/Week6/day4_serverRenderedToDoApp
9 silly lifecycle TodoListInGroup@1.0.0~prestart: Args: [ '-c', 'npm install && bower install' ]
10 silly lifecycle TodoListInGroup@1.0.0~prestart: Returned: code: 0  signal: null
11 info lifecycle TodoListInGroup@1.0.0~start: TodoListInGroup@1.0.0
12 verbose lifecycle TodoListInGroup@1.0.0~start: unsafe-perm in lifecycle true
13 verbose lifecycle TodoListInGroup@1.0.0~start: PATH: /usr/lib/node_modules/npm/bin/node-gyp-bin:/home/bijay007/SkyLab/Week6/day4_serverRenderedToDoApp/node_modules/.bin:/home/bijay007/bin:/home/bijay007/.local/bin:/usr/local/sbin:/usr/local/bin:/usr/sbin:/usr/bin:/sbin:/bin:/usr/games:/usr/local/games:/snap/bin
14 verbose lifecycle TodoListInGroup@1.0.0~start: CWD: /home/bijay007/SkyLab/Week6/day4_serverRenderedToDoApp
15 silly lifecycle TodoListInGroup@1.0.0~start: Args: [ '-c', 'node app.js' ]
16 silly lifecycle TodoListInGroup@1.0.0~start: Returned: code: 1  signal: null
17 info lifecycle TodoListInGroup@1.0.0~start: Failed to exec start script
18 verbose stack Error: TodoListInGroup@1.0.0 start: `node app.js`
18 verbose stack Exit status 1
18 verbose stack     at EventEmitter.<anonymous> (/usr/lib/node_modules/npm/lib/utils/lifecycle.js:255:16)
18 verbose stack     at emitTwo (events.js:106:13)
18 verbose stack     at EventEmitter.emit (events.js:191:7)
18 verbose stack     at ChildProcess.<anonymous> (/usr/lib/node_modules/npm/lib/utils/spawn.js:40:14)
18 verbose stack     at emitTwo (events.js:106:13)
18 verbose stack     at ChildProcess.emit (events.js:191:7)
18 verbose stack     at maybeClose (internal/child_process.js:877:16)
18 verbose stack     at Process.ChildProcess._handle.onexit (internal/child_process.js:226:5)
19 verbose pkgid TodoListInGroup@1.0.0
20 verbose cwd /home/bijay007/SkyLab/Week6/day4_serverRenderedToDoApp
21 error Linux 4.4.0-64-generic
22 error argv "/usr/bin/nodejs" "/usr/bin/npm" "start"
23 error node v6.9.5
24 error npm  v3.10.10
25 error code ELIFECYCLE
26 error TodoListInGroup@1.0.0 start: `node app.js`
26 error Exit status 1
27 error Failed at the TodoListInGroup@1.0.0 start script 'node app.js'.
27 error Make sure you have the latest version of node.js and npm installed.
27 error If you do, this is most likely a problem with the TodoListInGroup package,
27 error not with npm itself.
27 error Tell the author that this fails on your system:
27 error     node app.js
27 error You can get information on how to open an issue for this project with:
27 error     npm bugs TodoListInGroup
27 error Or if that isn't available, you can get their info via:
27 error     npm owner ls TodoListInGroup
27 error There is likely additional logging output above.
28 verbose exit [ 1, true ]
